<?xml version="1.0" encoding="UTF-8"?>
<!-- Generated by org.testng.reporters.JUnitReportReporter -->
<testsuite hostname="LAPTOP-4K0QCUMP" failures="0" tests="1" name="test.loginTest" time="3.430" errors="0" timestamp="2023-02-14T11:42:27 IST" skipped="0">
  <testcase classname="test.loginTest" name="logintest" time="3.430"/>
  <system-out/>
</testsuite> <!-- test.loginTest -->
